[debug] [2021-08-06T11:41:56.219Z] ----------------------------------------------------------------------
[debug] [2021-08-06T11:41:56.221Z] Command:       C:\Program Files\nodejs\node.exe C:\Users\aleca\AppData\Roaming\npm\node_modules\firebase-tools\lib\bin\firebase.js init hosting
[debug] [2021-08-06T11:41:56.221Z] CLI Version:   9.16.0
[debug] [2021-08-06T11:41:56.222Z] Platform:      win32
[debug] [2021-08-06T11:41:56.222Z] Node Version:  v14.17.4
[debug] [2021-08-06T11:41:56.222Z] Time:          Fri Aug 06 2021 12:41:56 GMT+0100 (Irish Standard Time)
[debug] [2021-08-06T11:41:56.223Z] ----------------------------------------------------------------------
[debug] 
[debug] [2021-08-06T11:41:56.229Z] > command requires scopes: ["email","openid","https://www.googleapis.com/auth/cloudplatformprojects.readonly","https://www.googleapis.com/auth/firebase","https://www.googleapis.com/auth/cloud-platform"]
[debug] [2021-08-06T11:41:56.229Z] > authorizing via signed-in user (alecaceresprado@gmail.com)
[info] 
     ######## #### ########  ######## ########     ###     ######  ########
     ##        ##  ##     ## ##       ##     ##  ##   ##  ##       ##
     ######    ##  ########  ######   ########  #########  ######  ######
     ##        ##  ##    ##  ##       ##     ## ##     ##       ## ##
     ##       #### ##     ## ######## ########  ##     ##  ######  ########

You're about to initialize a Firebase project in this directory:

  C:\Users\aleca\Documents\projects\merp-me\packages\api

[info] 
=== Project Setup
[info] 
[info] First, let's associate this project directory with a Firebase project.
[info] You can create multiple project aliases by running firebase use --add, 
[info] but for now we'll just set up a default project.
[info] 
[info] i  If you want to create a project in a Google Cloud organization or folder, please use "firebase projects:create" instead, and return to this command when you've created the project. 
[debug] [2021-08-06T11:42:30.140Z] > refreshing access token with scopes: ["email","https://www.googleapis.com/auth/cloud-platform","https://www.googleapis.com/auth/cloudplatformprojects.readonly","https://www.googleapis.com/auth/firebase","openid"]
[debug] [2021-08-06T11:42:30.140Z] >>> HTTP REQUEST POST https://www.googleapis.com/oauth2/v3/token  
 <request body omitted>
[debug] [2021-08-06T11:42:30.268Z] <<< HTTP RESPONSE 200 {"date":"Fri, 06 Aug 2021 11:42:31 GMT","expires":"Mon, 01 Jan 1990 00:00:00 GMT","pragma":"no-cache","cache-control":"no-cache, no-store, max-age=0, must-revalidate","content-type":"application/json; charset=utf-8","vary":"X-Origin, Referer, Origin,Accept-Encoding","server":"scaffolding on HTTPServer2","x-xss-protection":"0","x-frame-options":"SAMEORIGIN","x-content-type-options":"nosniff","alt-svc":"h3=\":443\"; ma=2592000,h3-29=\":443\"; ma=2592000,h3-T051=\":443\"; ma=2592000,h3-Q050=\":443\"; ma=2592000,h3-Q046=\":443\"; ma=2592000,h3-Q043=\":443\"; ma=2592000,quic=\":443\"; ma=2592000; v=\"46,43\"","accept-ranges":"none","transfer-encoding":"chunked"}
[debug] [2021-08-06T11:42:30.283Z] >>> HTTP REQUEST POST https://cloudresourcemanager.googleapis.com/v1/projects  
 {"projectId":"merp-me","name":"merp-me"}
[debug] [2021-08-06T11:42:30.749Z] <<< HTTP RESPONSE 200 {"content-type":"application/json; charset=UTF-8","vary":"X-Origin, Referer, Origin,Accept-Encoding","date":"Fri, 06 Aug 2021 11:42:32 GMT","server":"ESF","cache-control":"private","x-xss-protection":"0","x-frame-options":"SAMEORIGIN","x-content-type-options":"nosniff","server-timing":"gfet4t7; dur=386","alt-svc":"h3=\":443\"; ma=2592000,h3-29=\":443\"; ma=2592000,h3-T051=\":443\"; ma=2592000,h3-Q050=\":443\"; ma=2592000,h3-Q046=\":443\"; ma=2592000,h3-Q043=\":443\"; ma=2592000,quic=\":443\"; ma=2592000; v=\"46,43\"","accept-ranges":"none","transfer-encoding":"chunked"}
[debug] [2021-08-06T11:42:30.751Z] > refreshing access token with scopes: []
[debug] [2021-08-06T11:42:30.751Z] >>> HTTP REQUEST POST https://www.googleapis.com/oauth2/v3/token  
 <request body omitted>
[debug] [2021-08-06T11:42:30.833Z] <<< HTTP RESPONSE 200 {"cache-control":"no-cache, no-store, max-age=0, must-revalidate","pragma":"no-cache","expires":"Mon, 01 Jan 1990 00:00:00 GMT","date":"Fri, 06 Aug 2021 11:42:32 GMT","content-type":"application/json; charset=utf-8","vary":"X-Origin, Referer, Origin,Accept-Encoding","server":"scaffolding on HTTPServer2","x-xss-protection":"0","x-frame-options":"SAMEORIGIN","x-content-type-options":"nosniff","alt-svc":"h3=\":443\"; ma=2592000,h3-29=\":443\"; ma=2592000,h3-T051=\":443\"; ma=2592000,h3-Q050=\":443\"; ma=2592000,h3-Q046=\":443\"; ma=2592000,h3-Q043=\":443\"; ma=2592000,quic=\":443\"; ma=2592000; v=\"46,43\"","accept-ranges":"none","transfer-encoding":"chunked"}
[debug] [2021-08-06T11:42:30.849Z] >>> [apiv2][query] GET https://cloudresourcemanager.googleapis.com/v1/operations/cp.6255245727976175478 [none]
[debug] [2021-08-06T11:42:31.762Z] <<< [apiv2][status] GET https://cloudresourcemanager.googleapis.com/v1/operations/cp.6255245727976175478 200
[debug] [2021-08-06T11:42:31.762Z] <<< [apiv2][body] GET https://cloudresourcemanager.googleapis.com/v1/operations/cp.6255245727976175478 {"name":"operations/cp.6255245727976175478"}
[debug] [2021-08-06T11:42:32.264Z] [Project Creation Poller] Retrying task index 0
[debug] [2021-08-06T11:42:32.265Z] >>> [apiv2][query] GET https://cloudresourcemanager.googleapis.com/v1/operations/cp.6255245727976175478 [none]
[debug] [2021-08-06T11:42:33.192Z] <<< [apiv2][status] GET https://cloudresourcemanager.googleapis.com/v1/operations/cp.6255245727976175478 200
[debug] [2021-08-06T11:42:33.192Z] <<< [apiv2][body] GET https://cloudresourcemanager.googleapis.com/v1/operations/cp.6255245727976175478 {"name":"operations/cp.6255245727976175478"}
[debug] [2021-08-06T11:42:34.200Z] [Project Creation Poller] Retrying task index 0
[debug] [2021-08-06T11:42:34.201Z] >>> [apiv2][query] GET https://cloudresourcemanager.googleapis.com/v1/operations/cp.6255245727976175478 [none]
[debug] [2021-08-06T11:42:35.179Z] <<< [apiv2][status] GET https://cloudresourcemanager.googleapis.com/v1/operations/cp.6255245727976175478 200
[debug] [2021-08-06T11:42:35.180Z] <<< [apiv2][body] GET https://cloudresourcemanager.googleapis.com/v1/operations/cp.6255245727976175478 {"name":"operations/cp.6255245727976175478","metadata":{"@type":"type.googleapis.com/google.cloudresourcemanager.v1.ProjectCreationStatus","gettable":true,"ready":true},"done":true,"response":{"@type":"type.googleapis.com/google.cloudresourcemanager.v1.Project","projectNumber":"5233139961","projectId":"merp-me","lifecycleState":"ACTIVE","name":"merp-me","createTime":"2021-08-06T11:42:32.115Z"}}
[debug] [2021-08-06T11:42:35.181Z] > refreshing access token with scopes: ["email","https://www.googleapis.com/auth/cloud-platform","https://www.googleapis.com/auth/cloudplatformprojects.readonly","https://www.googleapis.com/auth/firebase","openid"]
[debug] [2021-08-06T11:42:35.181Z] >>> HTTP REQUEST POST https://www.googleapis.com/oauth2/v3/token  
 <request body omitted>
[debug] [2021-08-06T11:42:35.262Z] <<< HTTP RESPONSE 200 {"date":"Fri, 06 Aug 2021 11:42:36 GMT","pragma":"no-cache","expires":"Mon, 01 Jan 1990 00:00:00 GMT","cache-control":"no-cache, no-store, max-age=0, must-revalidate","content-type":"application/json; charset=utf-8","vary":"X-Origin, Referer, Origin,Accept-Encoding","server":"scaffolding on HTTPServer2","x-xss-protection":"0","x-frame-options":"SAMEORIGIN","x-content-type-options":"nosniff","alt-svc":"h3=\":443\"; ma=2592000,h3-29=\":443\"; ma=2592000,h3-T051=\":443\"; ma=2592000,h3-Q050=\":443\"; ma=2592000,h3-Q046=\":443\"; ma=2592000,h3-Q043=\":443\"; ma=2592000,quic=\":443\"; ma=2592000; v=\"46,43\"","accept-ranges":"none","transfer-encoding":"chunked"}
[debug] [2021-08-06T11:42:35.268Z] >>> HTTP REQUEST POST https://firebase.googleapis.com/v1beta1/projects/merp-me:addFirebase  
 
[debug] [2021-08-06T11:42:38.108Z] <<< HTTP RESPONSE 200 {"content-type":"application/json; charset=UTF-8","vary":"X-Origin, Referer, Origin,Accept-Encoding","date":"Fri, 06 Aug 2021 11:42:39 GMT","server":"ESF","cache-control":"private","x-xss-protection":"0","x-frame-options":"SAMEORIGIN","x-content-type-options":"nosniff","alt-svc":"h3=\":443\"; ma=2592000,h3-29=\":443\"; ma=2592000,h3-T051=\":443\"; ma=2592000,h3-Q050=\":443\"; ma=2592000,h3-Q046=\":443\"; ma=2592000,h3-Q043=\":443\"; ma=2592000,quic=\":443\"; ma=2592000; v=\"46,43\"","accept-ranges":"none","transfer-encoding":"chunked"}
[debug] [2021-08-06T11:42:38.109Z] > refreshing access token with scopes: []
[debug] [2021-08-06T11:42:38.109Z] >>> HTTP REQUEST POST https://www.googleapis.com/oauth2/v3/token  
 <request body omitted>
[debug] [2021-08-06T11:42:38.195Z] <<< HTTP RESPONSE 200 {"expires":"Mon, 01 Jan 1990 00:00:00 GMT","date":"Fri, 06 Aug 2021 11:42:39 GMT","cache-control":"no-cache, no-store, max-age=0, must-revalidate","pragma":"no-cache","content-type":"application/json; charset=utf-8","vary":"X-Origin, Referer, Origin,Accept-Encoding","server":"scaffolding on HTTPServer2","x-xss-protection":"0","x-frame-options":"SAMEORIGIN","x-content-type-options":"nosniff","alt-svc":"h3=\":443\"; ma=2592000,h3-29=\":443\"; ma=2592000,h3-T051=\":443\"; ma=2592000,h3-Q050=\":443\"; ma=2592000,h3-Q046=\":443\"; ma=2592000,h3-Q043=\":443\"; ma=2592000,quic=\":443\"; ma=2592000; v=\"46,43\"","accept-ranges":"none","transfer-encoding":"chunked"}
[debug] [2021-08-06T11:42:38.201Z] >>> [apiv2][query] GET https://firebase.googleapis.com/v1beta1/operations/workflows/YzM3ZTQ1YzYtMzk5Ny00YjkyLWE4YzEtZWYwNjg3ZWJhYmIw [none]
[debug] [2021-08-06T11:42:38.915Z] <<< [apiv2][status] GET https://firebase.googleapis.com/v1beta1/operations/workflows/YzM3ZTQ1YzYtMzk5Ny00YjkyLWE4YzEtZWYwNjg3ZWJhYmIw 200
[debug] [2021-08-06T11:42:38.915Z] <<< [apiv2][body] GET https://firebase.googleapis.com/v1beta1/operations/workflows/YzM3ZTQ1YzYtMzk5Ny00YjkyLWE4YzEtZWYwNjg3ZWJhYmIw {"name":"operations/workflows/YzM3ZTQ1YzYtMzk5Ny00YjkyLWE4YzEtZWYwNjg3ZWJhYmIw"}
[debug] [2021-08-06T11:42:39.430Z] [Add Firebase Poller] Retrying task index 0
[debug] [2021-08-06T11:42:39.430Z] >>> [apiv2][query] GET https://firebase.googleapis.com/v1beta1/operations/workflows/YzM3ZTQ1YzYtMzk5Ny00YjkyLWE4YzEtZWYwNjg3ZWJhYmIw [none]
[debug] [2021-08-06T11:42:40.198Z] <<< [apiv2][status] GET https://firebase.googleapis.com/v1beta1/operations/workflows/YzM3ZTQ1YzYtMzk5Ny00YjkyLWE4YzEtZWYwNjg3ZWJhYmIw 200
[debug] [2021-08-06T11:42:40.198Z] <<< [apiv2][body] GET https://firebase.googleapis.com/v1beta1/operations/workflows/YzM3ZTQ1YzYtMzk5Ny00YjkyLWE4YzEtZWYwNjg3ZWJhYmIw {"name":"operations/workflows/YzM3ZTQ1YzYtMzk5Ny00YjkyLWE4YzEtZWYwNjg3ZWJhYmIw"}
[debug] [2021-08-06T11:42:41.199Z] [Add Firebase Poller] Retrying task index 0
[debug] [2021-08-06T11:42:41.199Z] >>> [apiv2][query] GET https://firebase.googleapis.com/v1beta1/operations/workflows/YzM3ZTQ1YzYtMzk5Ny00YjkyLWE4YzEtZWYwNjg3ZWJhYmIw [none]
[debug] [2021-08-06T11:42:41.813Z] <<< [apiv2][status] GET https://firebase.googleapis.com/v1beta1/operations/workflows/YzM3ZTQ1YzYtMzk5Ny00YjkyLWE4YzEtZWYwNjg3ZWJhYmIw 200
[debug] [2021-08-06T11:42:41.813Z] <<< [apiv2][body] GET https://firebase.googleapis.com/v1beta1/operations/workflows/YzM3ZTQ1YzYtMzk5Ny00YjkyLWE4YzEtZWYwNjg3ZWJhYmIw {"name":"operations/workflows/YzM3ZTQ1YzYtMzk5Ny00YjkyLWE4YzEtZWYwNjg3ZWJhYmIw"}
[debug] [2021-08-06T11:42:43.826Z] [Add Firebase Poller] Retrying task index 0
[debug] [2021-08-06T11:42:43.826Z] >>> [apiv2][query] GET https://firebase.googleapis.com/v1beta1/operations/workflows/YzM3ZTQ1YzYtMzk5Ny00YjkyLWE4YzEtZWYwNjg3ZWJhYmIw [none]
[debug] [2021-08-06T11:42:44.517Z] <<< [apiv2][status] GET https://firebase.googleapis.com/v1beta1/operations/workflows/YzM3ZTQ1YzYtMzk5Ny00YjkyLWE4YzEtZWYwNjg3ZWJhYmIw 200
[debug] [2021-08-06T11:42:44.518Z] <<< [apiv2][body] GET https://firebase.googleapis.com/v1beta1/operations/workflows/YzM3ZTQ1YzYtMzk5Ny00YjkyLWE4YzEtZWYwNjg3ZWJhYmIw {"name":"operations/workflows/YzM3ZTQ1YzYtMzk5Ny00YjkyLWE4YzEtZWYwNjg3ZWJhYmIw"}
[debug] [2021-08-06T11:42:48.528Z] [Add Firebase Poller] Retrying task index 0
[debug] [2021-08-06T11:42:48.528Z] >>> [apiv2][query] GET https://firebase.googleapis.com/v1beta1/operations/workflows/YzM3ZTQ1YzYtMzk5Ny00YjkyLWE4YzEtZWYwNjg3ZWJhYmIw [none]
[debug] [2021-08-06T11:42:48.908Z] <<< [apiv2][status] GET https://firebase.googleapis.com/v1beta1/operations/workflows/YzM3ZTQ1YzYtMzk5Ny00YjkyLWE4YzEtZWYwNjg3ZWJhYmIw 200
[debug] [2021-08-06T11:42:48.908Z] <<< [apiv2][body] GET https://firebase.googleapis.com/v1beta1/operations/workflows/YzM3ZTQ1YzYtMzk5Ny00YjkyLWE4YzEtZWYwNjg3ZWJhYmIw {"name":"operations/workflows/YzM3ZTQ1YzYtMzk5Ny00YjkyLWE4YzEtZWYwNjg3ZWJhYmIw","done":true,"response":{"@type":"type.googleapis.com/google.firebase.service.v1beta1.FirebaseProject","projectId":"merp-me","projectNumber":"5233139961","displayName":"merp-me","name":"projects/merp-me","resources":{"hostingSite":"merp-me"}}}
[info] 
[info] === Your Firebase project is ready! ===
[info] 
[info] Project information:
[info]    - Project ID: merp-me
[info]    - Project Name: merp-me
[info] 
[info] Firebase console is available at
[info] https://console.firebase.google.com/project/merp-me/overview
[info] i  Using project merp-me (merp-me) 
[info] 
=== Hosting Setup
[info] 
[info] Your public directory is the folder (relative to your project directory) that
[info] will contain Hosting assets to be uploaded with firebase deploy. If you
[info] have a build process for your assets, use your build's output directory.
[info] 
